{
  "stats": {
    "suites": 1,
    "tests": 1,
    "passes": 1,
    "pending": 0,
    "failures": 0,
    "start": "2024-07-03T22:41:41.681Z",
    "end": "2024-07-03T22:41:41.979Z",
    "duration": 298,
    "testsRegistered": 1,
    "passPercent": 100,
    "pendingPercent": 0,
    "other": 0,
    "hasOther": false,
    "skipped": 0,
    "hasSkipped": false
  },
  "results": [
    {
      "uuid": "d27523c1-74b4-481e-800a-946baa255488",
      "title": "",
      "fullFile": "cypress/e2e/api-tests/getBookingIdsTest.cy.js",
      "file": "cypress/e2e/api-tests/getBookingIdsTest.cy.js",
      "beforeHooks": [],
      "afterHooks": [],
      "tests": [],
      "suites": [
        {
          "uuid": "10907327-b62d-4d52-b3c6-c69cd4cb9535",
          "title": "Get Booking Ids",
          "fullFile": "",
          "file": "",
          "beforeHooks": [],
          "afterHooks": [],
          "tests": [
            {
              "title": "get request: booking ids",
              "fullTitle": "Get Booking Ids get request: booking ids",
              "timedOut": null,
              "duration": 231,
              "state": "passed",
              "speed": "fast",
              "pass": true,
              "fail": false,
              "pending": false,
              "context": null,
              "code": "cy.request('GET', 'https://restful-booker.herokuapp.com/booking').then(res => {\n  expect(res.status).to.eq(200);\n  cy.log(res);\n});",
              "err": {},
              "uuid": "4c50f899-d7a8-4a32-9b54-d315d628cd21",
              "parentUUID": "10907327-b62d-4d52-b3c6-c69cd4cb9535",
              "isHook": false,
              "skipped": false
            }
          ],
          "suites": [],
          "passes": [
            "4c50f899-d7a8-4a32-9b54-d315d628cd21"
          ],
          "failures": [],
          "pending": [],
          "skipped": [],
          "duration": 231,
          "root": false,
          "rootEmpty": false,
          "_timeout": 2000
        }
      ],
      "passes": [],
      "failures": [],
      "pending": [],
      "skipped": [],
      "duration": 0,
      "root": true,
      "rootEmpty": true,
      "_timeout": 2000
    }
  ],
  "meta": {
    "mocha": {
      "version": "7.0.1"
    },
    "mochawesome": {
      "options": {
        "quiet": false,
        "reportFilename": "mochawesome",
        "saveHtml": false,
        "saveJson": true,
        "consoleReporter": "spec",
        "useInlineDiffs": false,
        "code": true
      },
      "version": "7.1.3"
    },
    "marge": {
      "options": {
        "reportDir": "cypress/reports/mochawesome-reports",
        "overwrite": false,
        "html": false,
        "json": true
      },
      "version": "6.2.0"
    }
  }
}